[debug] [2020-12-13T19:18:05.814Z] ----------------------------------------------------------------------
[debug] [2020-12-13T19:18:05.817Z] Command:       C:\Program Files\nodejs\node.exe C:\Users\RAHMA\AppData\Roaming\npm\node_modules\firebase-tools\lib\bin\firebase.js init
[debug] [2020-12-13T19:18:05.818Z] CLI Version:   8.19.0
[debug] [2020-12-13T19:18:05.818Z] Platform:      win32
[debug] [2020-12-13T19:18:05.818Z] Node Version:  v12.18.2
[debug] [2020-12-13T19:18:05.819Z] Time:          Sun Dec 13 2020 21:18:05 GMT+0200 (Eastern European Standard Time)
[debug] [2020-12-13T19:18:05.820Z] ----------------------------------------------------------------------
[debug] [2020-12-13T19:18:05.820Z] 
[debug] [2020-12-13T19:18:05.828Z] > command requires scopes: ["email","openid","https://www.googleapis.com/auth/cloudplatformprojects.readonly","https://www.googleapis.com/auth/firebase","https://www.googleapis.com/auth/cloud-platform"]
[debug] [2020-12-13T19:18:05.829Z] > authorizing via signed-in user
[info] 
     ######## #### ########  ######## ########     ###     ######  ########
     ##        ##  ##     ## ##       ##     ##  ##   ##  ##       ##
     ######    ##  ########  ######   ########  #########  ######  ######
     ##        ##  ##    ##  ##       ##     ## ##     ##       ## ##
     ##       #### ##     ## ######## ########  ##     ##  ######  ########

You're about to initialize a Firebase project in this directory:

  D:\front-end\pharamtive

Before we get started, keep in mind:

  * You are initializing in an existing Firebase project directory

